<?xml version="1.0" encoding="UTF-8"?>
<testng-results ignored="0" total="1" passed="1" failed="0" skipped="0">
  <reporter-output>
    <line>
      <![CDATA[XL Data:admin]]>
    </line>
    <line>
      <![CDATA[Demo test]]>
    </line>
  </reporter-output>
  <suite started-at="2021-12-22T09:25:39 IST" name="Default suite" finished-at="2021-12-22T09:26:02 IST" duration-ms="22719">
    <groups>
    </groups>
    <test started-at="2021-12-22T09:25:39 IST" name="Default test" finished-at="2021-12-22T09:26:02 IST" duration-ms="22719">
      <class name="Scripts.DemoHomePageMedicine">
        <test-method is-config="true" signature="openApp()[pri:0, instance:Scripts.DemoHomePageMedicine@7e22550a]" started-at="2021-12-22T09:25:40 IST" name="openApp" finished-at="2021-12-22T09:25:58 IST" duration-ms="18687" status="PASS">
          <reporter-output>
          </reporter-output>
        </test-method> <!-- openApp -->
        <test-method signature="testA()[pri:0, instance:Scripts.DemoHomePageMedicine@7e22550a]" started-at="2021-12-22T09:25:58 IST" name="testA" finished-at="2021-12-22T09:26:02 IST" duration-ms="3419" status="PASS">
          <reporter-output>
            <line>
              <![CDATA[XL Data:admin]]>
            </line>
            <line>
              <![CDATA[Demo test]]>
            </line>
          </reporter-output>
        </test-method> <!-- testA -->
        <test-method is-config="true" signature="closeApp()[pri:0, instance:Scripts.DemoHomePageMedicine@7e22550a]" started-at="2021-12-22T09:26:02 IST" name="closeApp" finished-at="2021-12-22T09:26:02 IST" duration-ms="573" status="PASS">
          <reporter-output>
          </reporter-output>
        </test-method> <!-- closeApp -->
      </class> <!-- Scripts.DemoHomePageMedicine -->
    </test> <!-- Default test -->
  </suite> <!-- Default suite -->
</testng-results>
